0 info it worked if it ends with ok
1 verbose cli [ '/home/user/.nvm/versions/node/v7.6.0/bin/node',
1 verbose cli   '/home/user/.nvm/versions/node/v7.6.0/bin/npm',
1 verbose cli   'version',
1 verbose cli   'patch' ]
2 info using npm@4.1.2
3 info using node@v7.6.0
4 info git [ 'status', '--porcelain' ]
5 verbose stack Error: Git working directory not clean.
5 verbose stack M  bin/index.js
5 verbose stack A  npm-debug.log
5 verbose stack     at /home/user/.nvm/versions/node/v7.6.0/lib/node_modules/npm/lib/version.js:247:19
5 verbose stack     at /home/user/.nvm/versions/node/v7.6.0/lib/node_modules/npm/lib/utils/no-progress-while-running.js:21:8
5 verbose stack     at ChildProcess.exithandler (child_process.js:202:7)
5 verbose stack     at emitTwo (events.js:106:13)
5 verbose stack     at ChildProcess.emit (events.js:192:7)
5 verbose stack     at maybeClose (internal/child_process.js:890:16)
5 verbose stack     at Socket.<anonymous> (internal/child_process.js:334:11)
5 verbose stack     at emitOne (events.js:96:13)
5 verbose stack     at Socket.emit (events.js:189:7)
5 verbose stack     at Pipe._handle.close [as _onclose] (net.js:501:12)
6 verbose cwd /var/node/addict
7 error Linux 4.8.0-59-generic
8 error argv "/home/user/.nvm/versions/node/v7.6.0/bin/node" "/home/user/.nvm/versions/node/v7.6.0/bin/npm" "version" "patch"
9 error node v7.6.0
10 error npm  v4.1.2
11 error Git working directory not clean.
11 error M  bin/index.js
11 error A  npm-debug.log
12 error If you need help, you may report this error at:
12 error     <https://github.com/npm/npm/issues>
13 verbose exit [ 1, true ]
